Added Component: Designator=C1(Cap_0805)
Add component (AddParameter): Name = "Allied Price/Stock"; Value = "https://www.alliedelec.com/avx-08055a101jat2a/70474488/"; VariantName = "[No Variations]"
Add component (AddParameter): Name = "Allied_Number"; Value = "70474488"; VariantName = "[No Variations]"
Add component (AddParameter): Name = "Datasheet Link"; Value = "https://componentsearchengine.com/Datasheets/1/06031A100FAT2A.pdf"; VariantName = "[No Variations]"
Add component (AddParameter): Name = "Height"; Value = "0.94mm"; VariantName = "[No Variations]"
Add component (AddParameter): Name = "Manufacturer_Name"; Value = "AVX"; VariantName = "[No Variations]"
Add component (AddParameter): Name = "Manufacturer_Part_Number"; Value = "08055A101JAT2A"; VariantName = "[No Variations]"
Add component (AddParameter): Name = "Mouser Part Number"; Value = "581-08055A101J"; VariantName = "[No Variations]"
Add component (AddParameter): Name = "Mouser Price/Stock"; Value = "https://www.mouser.com/Search/Refine.aspx?Keyword=581-08055A101J"; VariantName = "[No Variations]"
Add component (AddParameter): Name = "RS Part Number"; Value = "0391000P"; VariantName = "[No Variations]"
Add component (AddParameter): Name = "RS Price/Stock"; Value = "http://uk.rs-online.com/web/p/products/0391000P"; VariantName = "[No Variations]"
Added Component: Designator=C2(Cap_0805)
Add component (AddParameter): Name = "Allied Price/Stock"; Value = "https://www.alliedelec.com/avx-08055a101jat2a/70474488/"; VariantName = "[No Variations]"
Add component (AddParameter): Name = "Allied_Number"; Value = "70474488"; VariantName = "[No Variations]"
Add component (AddParameter): Name = "Datasheet Link"; Value = "https://componentsearchengine.com/Datasheets/1/06031A100FAT2A.pdf"; VariantName = "[No Variations]"
Add component (AddParameter): Name = "Height"; Value = "0.94mm"; VariantName = "[No Variations]"
Add component (AddParameter): Name = "Manufacturer_Name"; Value = "AVX"; VariantName = "[No Variations]"
Add component (AddParameter): Name = "Manufacturer_Part_Number"; Value = "08055A101JAT2A"; VariantName = "[No Variations]"
Add component (AddParameter): Name = "Mouser Part Number"; Value = "581-08055A101J"; VariantName = "[No Variations]"
Add component (AddParameter): Name = "Mouser Price/Stock"; Value = "https://www.mouser.com/Search/Refine.aspx?Keyword=581-08055A101J"; VariantName = "[No Variations]"
Add component (AddParameter): Name = "RS Part Number"; Value = "0391000P"; VariantName = "[No Variations]"
Add component (AddParameter): Name = "RS Price/Stock"; Value = "http://uk.rs-online.com/web/p/products/0391000P"; VariantName = "[No Variations]"
Added Component: Designator=C3(Cap_0805)
Add component (AddParameter): Name = "Allied Price/Stock"; Value = "https://www.alliedelec.com/avx-08055a101jat2a/70474488/"; VariantName = "[No Variations]"
Add component (AddParameter): Name = "Allied_Number"; Value = "70474488"; VariantName = "[No Variations]"
Add component (AddParameter): Name = "Datasheet Link"; Value = "https://componentsearchengine.com/Datasheets/1/06031A100FAT2A.pdf"; VariantName = "[No Variations]"
Add component (AddParameter): Name = "Height"; Value = "0.94mm"; VariantName = "[No Variations]"
Add component (AddParameter): Name = "Manufacturer_Name"; Value = "AVX"; VariantName = "[No Variations]"
Add component (AddParameter): Name = "Manufacturer_Part_Number"; Value = "08055A101JAT2A"; VariantName = "[No Variations]"
Add component (AddParameter): Name = "Mouser Part Number"; Value = "581-08055A101J"; VariantName = "[No Variations]"
Add component (AddParameter): Name = "Mouser Price/Stock"; Value = "https://www.mouser.com/Search/Refine.aspx?Keyword=581-08055A101J"; VariantName = "[No Variations]"
Add component (AddParameter): Name = "RS Part Number"; Value = "0391000P"; VariantName = "[No Variations]"
Add component (AddParameter): Name = "RS Price/Stock"; Value = "http://uk.rs-online.com/web/p/products/0391000P"; VariantName = "[No Variations]"
Added Component: Designator=C4(CAPAE660X580N)
Add component (AddParameter): Name = "Datasheet Link"; Value = "https://datasheet.lcsc.com/szlcsc/1809042041_ST-Semtech-CS1H220M-CRE54_C98744.pdf"; VariantName = "[No Variations]"
Add component (AddParameter): Name = "Height"; Value = "5.8mm"; VariantName = "[No Variations]"
Add component (AddParameter): Name = "Manufacturer_Name"; Value = "ST(Semtech)"; VariantName = "[No Variations]"
Add component (AddParameter): Name = "Manufacturer_Part_Number"; Value = "CS1H220M-CRE54"; VariantName = "[No Variations]"
Add component (AddParameter): Name = "Mouser Part Number"; Value = ""; VariantName = "[No Variations]"
Add component (AddParameter): Name = "Mouser Price/Stock"; Value = ""; VariantName = "[No Variations]"
Add component (AddParameter): Name = "RS Part Number"; Value = ""; VariantName = "[No Variations]"
Add component (AddParameter): Name = "RS Price/Stock"; Value = ""; VariantName = "[No Variations]"
Added Component: Designator=C5(CAPAE660X610N)
Add component (AddParameter): Name = "Allied Price/Stock"; Value = "https://www.alliedelec.com/panasonic-eee-ft1v101ap/70258385/"; VariantName = "[No Variations]"
Add component (AddParameter): Name = "Allied_Number"; Value = "70258385"; VariantName = "[No Variations]"
Add component (AddParameter): Name = "Datasheet Link"; Value = "https://industrial.panasonic.com/cdbs/www-data/pdf/RDE0000/ABA0000C1240.pdf"; VariantName = "[No Variations]"
Add component (AddParameter): Name = "Height"; Value = "6.1mm"; VariantName = "[No Variations]"
Add component (AddParameter): Name = "Manufacturer_Name"; Value = "Panasonic"; VariantName = "[No Variations]"
Add component (AddParameter): Name = "Manufacturer_Part_Number"; Value = "EEE-FT1V101AP"; VariantName = "[No Variations]"
Add component (AddParameter): Name = "Mouser Part Number"; Value = "667-EEE-FT1V101AP"; VariantName = "[No Variations]"
Add component (AddParameter): Name = "Mouser Price/Stock"; Value = "https://www.mouser.com/Search/Refine.aspx?Keyword=667-EEE-FT1V101AP"; VariantName = "[No Variations]"
Add component (AddParameter): Name = "RS Part Number"; Value = ""; VariantName = "[No Variations]"
Add component (AddParameter): Name = "RS Price/Stock"; Value = ""; VariantName = "[No Variations]"
Added Component: Designator=C6(CAPAE660X580N)
Add component (AddParameter): Name = "Datasheet Link"; Value = "https://datasheet.lcsc.com/szlcsc/1809042041_ST-Semtech-CS1H220M-CRE54_C98744.pdf"; VariantName = "[No Variations]"
Add component (AddParameter): Name = "Height"; Value = "5.8mm"; VariantName = "[No Variations]"
Add component (AddParameter): Name = "Manufacturer_Name"; Value = "ST(Semtech)"; VariantName = "[No Variations]"
Add component (AddParameter): Name = "Manufacturer_Part_Number"; Value = "CS1H220M-CRE54"; VariantName = "[No Variations]"
Add component (AddParameter): Name = "Mouser Part Number"; Value = ""; VariantName = "[No Variations]"
Add component (AddParameter): Name = "Mouser Price/Stock"; Value = ""; VariantName = "[No Variations]"
Add component (AddParameter): Name = "RS Part Number"; Value = ""; VariantName = "[No Variations]"
Add component (AddParameter): Name = "RS Price/Stock"; Value = ""; VariantName = "[No Variations]"
Added Component: Designator=C7(Cap_0805)
Add component (AddParameter): Name = "Allied Price/Stock"; Value = "https://www.alliedelec.com/avx-08055a101jat2a/70474488/"; VariantName = "[No Variations]"
Add component (AddParameter): Name = "Allied_Number"; Value = "70474488"; VariantName = "[No Variations]"
Add component (AddParameter): Name = "Datasheet Link"; Value = "https://componentsearchengine.com/Datasheets/1/06031A100FAT2A.pdf"; VariantName = "[No Variations]"
Add component (AddParameter): Name = "Height"; Value = "0.94mm"; VariantName = "[No Variations]"
Add component (AddParameter): Name = "Manufacturer_Name"; Value = "AVX"; VariantName = "[No Variations]"
Add component (AddParameter): Name = "Manufacturer_Part_Number"; Value = "08055A101JAT2A"; VariantName = "[No Variations]"
Add component (AddParameter): Name = "Mouser Part Number"; Value = "581-08055A101J"; VariantName = "[No Variations]"
Add component (AddParameter): Name = "Mouser Price/Stock"; Value = "https://www.mouser.com/Search/Refine.aspx?Keyword=581-08055A101J"; VariantName = "[No Variations]"
Add component (AddParameter): Name = "RS Part Number"; Value = "0391000P"; VariantName = "[No Variations]"
Add component (AddParameter): Name = "RS Price/Stock"; Value = "http://uk.rs-online.com/web/p/products/0391000P"; VariantName = "[No Variations]"
Added Component: Designator=C8(CAPAE1030X1050N)
Add component (AddParameter): Name = "Datasheet Link"; Value = "https://componentsearchengine.com/Datasheets/1/EEE-FT1E102UP.pdf"; VariantName = "[No Variations]"
Add component (AddParameter): Name = "Height"; Value = "10.5mm"; VariantName = "[No Variations]"
Add component (AddParameter): Name = "Manufacturer_Name"; Value = "Panasonic"; VariantName = "[No Variations]"
Add component (AddParameter): Name = "Manufacturer_Part_Number"; Value = "EEE-FT1E102UP"; VariantName = "[No Variations]"
Add component (AddParameter): Name = "Mouser Part Number"; Value = "667-EEE-FT1E102UP"; VariantName = "[No Variations]"
Add component (AddParameter): Name = "Mouser Price/Stock"; Value = "https://www.mouser.com/Search/Refine.aspx?Keyword=667-EEE-FT1E102UP"; VariantName = "[No Variations]"
Add component (AddParameter): Name = "RS Part Number"; Value = ""; VariantName = "[No Variations]"
Add component (AddParameter): Name = "RS Price/Stock"; Value = ""; VariantName = "[No Variations]"
Added Component: Designator=C9(Cap_0805)
Add component (AddParameter): Name = "Allied Price/Stock"; Value = "https://www.alliedelec.com/avx-08055a101jat2a/70474488/"; VariantName = "[No Variations]"
Add component (AddParameter): Name = "Allied_Number"; Value = "70474488"; VariantName = "[No Variations]"
Add component (AddParameter): Name = "Datasheet Link"; Value = "https://componentsearchengine.com/Datasheets/1/06031A100FAT2A.pdf"; VariantName = "[No Variations]"
Add component (AddParameter): Name = "Height"; Value = "0.94mm"; VariantName = "[No Variations]"
Add component (AddParameter): Name = "Manufacturer_Name"; Value = "AVX"; VariantName = "[No Variations]"
Add component (AddParameter): Name = "Manufacturer_Part_Number"; Value = "08055A101JAT2A"; VariantName = "[No Variations]"
Add component (AddParameter): Name = "Mouser Part Number"; Value = "581-08055A101J"; VariantName = "[No Variations]"
Add component (AddParameter): Name = "Mouser Price/Stock"; Value = "https://www.mouser.com/Search/Refine.aspx?Keyword=581-08055A101J"; VariantName = "[No Variations]"
Add component (AddParameter): Name = "RS Part Number"; Value = "0391000P"; VariantName = "[No Variations]"
Add component (AddParameter): Name = "RS Price/Stock"; Value = "http://uk.rs-online.com/web/p/products/0391000P"; VariantName = "[No Variations]"
Added Component: Designator=C10(Cap_0805)
Add component (AddParameter): Name = "Allied Price/Stock"; Value = "https://www.alliedelec.com/avx-08055a101jat2a/70474488/"; VariantName = "[No Variations]"
Add component (AddParameter): Name = "Allied_Number"; Value = "70474488"; VariantName = "[No Variations]"
Add component (AddParameter): Name = "Datasheet Link"; Value = "https://componentsearchengine.com/Datasheets/1/06031A100FAT2A.pdf"; VariantName = "[No Variations]"
Add component (AddParameter): Name = "Height"; Value = "0.94mm"; VariantName = "[No Variations]"
Add component (AddParameter): Name = "Manufacturer_Name"; Value = "AVX"; VariantName = "[No Variations]"
Add component (AddParameter): Name = "Manufacturer_Part_Number"; Value = "08055A101JAT2A"; VariantName = "[No Variations]"
Add component (AddParameter): Name = "Mouser Part Number"; Value = "581-08055A101J"; VariantName = "[No Variations]"
Add component (AddParameter): Name = "Mouser Price/Stock"; Value = "https://www.mouser.com/Search/Refine.aspx?Keyword=581-08055A101J"; VariantName = "[No Variations]"
Add component (AddParameter): Name = "RS Part Number"; Value = "0391000P"; VariantName = "[No Variations]"
Add component (AddParameter): Name = "RS Price/Stock"; Value = "http://uk.rs-online.com/web/p/products/0391000P"; VariantName = "[No Variations]"
Added Component: Designator=D1(Diode)
Add component (AddParameter): Name = "Datasheet Link"; Value = "https://componentsearchengine.com/Datasheets/2/BY299.pdf"; VariantName = "[No Variations]"
Add component (AddParameter): Name = "Manufacturer_Name"; Value = "MULTICOMP"; VariantName = "[No Variations]"
Add component (AddParameter): Name = "Manufacturer_Part_Number"; Value = "BY299"; VariantName = "[No Variations]"
Add component (AddParameter): Name = "Mouser Part Number"; Value = ""; VariantName = "[No Variations]"
Add component (AddParameter): Name = "Mouser Price/Stock"; Value = ""; VariantName = "[No Variations]"
Add component (AddParameter): Name = "RS Part Number"; Value = ""; VariantName = "[No Variations]"
Add component (AddParameter): Name = "RS Price/Stock"; Value = ""; VariantName = "[No Variations]"
Added Component: Designator=D2(Diode)
Add component (AddParameter): Name = "Datasheet Link"; Value = "https://componentsearchengine.com/Datasheets/2/BY299.pdf"; VariantName = "[No Variations]"
Add component (AddParameter): Name = "Manufacturer_Name"; Value = "MULTICOMP"; VariantName = "[No Variations]"
Add component (AddParameter): Name = "Manufacturer_Part_Number"; Value = "BY299"; VariantName = "[No Variations]"
Add component (AddParameter): Name = "Mouser Part Number"; Value = ""; VariantName = "[No Variations]"
Add component (AddParameter): Name = "Mouser Price/Stock"; Value = ""; VariantName = "[No Variations]"
Add component (AddParameter): Name = "RS Part Number"; Value = ""; VariantName = "[No Variations]"
Add component (AddParameter): Name = "RS Price/Stock"; Value = ""; VariantName = "[No Variations]"
Added Component: Designator=D3(Diode)
Add component (AddParameter): Name = "Datasheet Link"; Value = "https://componentsearchengine.com/Datasheets/2/BY299.pdf"; VariantName = "[No Variations]"
Add component (AddParameter): Name = "Manufacturer_Name"; Value = "MULTICOMP"; VariantName = "[No Variations]"
Add component (AddParameter): Name = "Manufacturer_Part_Number"; Value = "BY299"; VariantName = "[No Variations]"
Add component (AddParameter): Name = "Mouser Part Number"; Value = ""; VariantName = "[No Variations]"
Add component (AddParameter): Name = "Mouser Price/Stock"; Value = ""; VariantName = "[No Variations]"
Add component (AddParameter): Name = "RS Part Number"; Value = ""; VariantName = "[No Variations]"
Add component (AddParameter): Name = "RS Price/Stock"; Value = ""; VariantName = "[No Variations]"
Added Component: Designator=D4(Diode)
Add component (AddParameter): Name = "Datasheet Link"; Value = "https://componentsearchengine.com/Datasheets/2/BY299.pdf"; VariantName = "[No Variations]"
Add component (AddParameter): Name = "Manufacturer_Name"; Value = "MULTICOMP"; VariantName = "[No Variations]"
Add component (AddParameter): Name = "Manufacturer_Part_Number"; Value = "BY299"; VariantName = "[No Variations]"
Add component (AddParameter): Name = "Mouser Part Number"; Value = ""; VariantName = "[No Variations]"
Add component (AddParameter): Name = "Mouser Price/Stock"; Value = ""; VariantName = "[No Variations]"
Add component (AddParameter): Name = "RS Part Number"; Value = ""; VariantName = "[No Variations]"
Add component (AddParameter): Name = "RS Price/Stock"; Value = ""; VariantName = "[No Variations]"
Added Component: Designator=D5(Diode)
Add component (AddParameter): Name = "Datasheet Link"; Value = "https://componentsearchengine.com/Datasheets/2/BY299.pdf"; VariantName = "[No Variations]"
Add component (AddParameter): Name = "Manufacturer_Name"; Value = "MULTICOMP"; VariantName = "[No Variations]"
Add component (AddParameter): Name = "Manufacturer_Part_Number"; Value = "BY299"; VariantName = "[No Variations]"
Add component (AddParameter): Name = "Mouser Part Number"; Value = ""; VariantName = "[No Variations]"
Add component (AddParameter): Name = "Mouser Price/Stock"; Value = ""; VariantName = "[No Variations]"
Add component (AddParameter): Name = "RS Part Number"; Value = ""; VariantName = "[No Variations]"
Add component (AddParameter): Name = "RS Price/Stock"; Value = ""; VariantName = "[No Variations]"
Added Component: Designator=D6(Diode)
Add component (AddParameter): Name = "Datasheet Link"; Value = "https://componentsearchengine.com/Datasheets/2/BY299.pdf"; VariantName = "[No Variations]"
Add component (AddParameter): Name = "Manufacturer_Name"; Value = "MULTICOMP"; VariantName = "[No Variations]"
Add component (AddParameter): Name = "Manufacturer_Part_Number"; Value = "BY299"; VariantName = "[No Variations]"
Add component (AddParameter): Name = "Mouser Part Number"; Value = ""; VariantName = "[No Variations]"
Add component (AddParameter): Name = "Mouser Price/Stock"; Value = ""; VariantName = "[No Variations]"
Add component (AddParameter): Name = "RS Part Number"; Value = ""; VariantName = "[No Variations]"
Add component (AddParameter): Name = "RS Price/Stock"; Value = ""; VariantName = "[No Variations]"
Added Component: Designator=D7(Diode)
Add component (AddParameter): Name = "Datasheet Link"; Value = "https://componentsearchengine.com/Datasheets/2/BY299.pdf"; VariantName = "[No Variations]"
Add component (AddParameter): Name = "Manufacturer_Name"; Value = "MULTICOMP"; VariantName = "[No Variations]"
Add component (AddParameter): Name = "Manufacturer_Part_Number"; Value = "BY299"; VariantName = "[No Variations]"
Add component (AddParameter): Name = "Mouser Part Number"; Value = ""; VariantName = "[No Variations]"
Add component (AddParameter): Name = "Mouser Price/Stock"; Value = ""; VariantName = "[No Variations]"
Add component (AddParameter): Name = "RS Part Number"; Value = ""; VariantName = "[No Variations]"
Add component (AddParameter): Name = "RS Price/Stock"; Value = ""; VariantName = "[No Variations]"
Added Component: Designator=D8(Diode)
Add component (AddParameter): Name = "Datasheet Link"; Value = "https://componentsearchengine.com/Datasheets/2/BY299.pdf"; VariantName = "[No Variations]"
Add component (AddParameter): Name = "Manufacturer_Name"; Value = "MULTICOMP"; VariantName = "[No Variations]"
Add component (AddParameter): Name = "Manufacturer_Part_Number"; Value = "BY299"; VariantName = "[No Variations]"
Add component (AddParameter): Name = "Mouser Part Number"; Value = ""; VariantName = "[No Variations]"
Add component (AddParameter): Name = "Mouser Price/Stock"; Value = ""; VariantName = "[No Variations]"
Add component (AddParameter): Name = "RS Part Number"; Value = ""; VariantName = "[No Variations]"
Add component (AddParameter): Name = "RS Price/Stock"; Value = ""; VariantName = "[No Variations]"
Added Component: Designator=D9(Diode)
Add component (AddParameter): Name = "Datasheet Link"; Value = "https://componentsearchengine.com/Datasheets/2/BY299.pdf"; VariantName = "[No Variations]"
Add component (AddParameter): Name = "Manufacturer_Name"; Value = "MULTICOMP"; VariantName = "[No Variations]"
Add component (AddParameter): Name = "Manufacturer_Part_Number"; Value = "BY299"; VariantName = "[No Variations]"
Add component (AddParameter): Name = "Mouser Part Number"; Value = ""; VariantName = "[No Variations]"
Add component (AddParameter): Name = "Mouser Price/Stock"; Value = ""; VariantName = "[No Variations]"
Add component (AddParameter): Name = "RS Part Number"; Value = ""; VariantName = "[No Variations]"
Add component (AddParameter): Name = "RS Price/Stock"; Value = ""; VariantName = "[No Variations]"
Added Component: Designator=F1(Fuse)
Add component (AddParameter): Name = "Datasheet Link"; Value = "http://m.littelfuse.com/~/media/electronics/datasheets/fuse_blocks/littelfuse_fuse_block_354_datasheet.pdf.pdf"; VariantName = "[No Variations]"
Add component (AddParameter): Name = "Height"; Value = "13mm"; VariantName = "[No Variations]"
Add component (AddParameter): Name = "Manufacturer_Name"; Value = "LITTELFUSE"; VariantName = "[No Variations]"
Add component (AddParameter): Name = "Manufacturer_Part_Number"; Value = "03540101ZXGY"; VariantName = "[No Variations]"
Add component (AddParameter): Name = "Mouser Part Number"; Value = "576-03540101ZXGY"; VariantName = "[No Variations]"
Add component (AddParameter): Name = "Mouser Price/Stock"; Value = "https://www.mouser.com/Search/Refine.aspx?Keyword=576-03540101ZXGY"; VariantName = "[No Variations]"
Add component (AddParameter): Name = "RS Part Number"; Value = ""; VariantName = "[No Variations]"
Add component (AddParameter): Name = "RS Price/Stock"; Value = ""; VariantName = "[No Variations]"
Added Component: Designator=G1(FOXSLF/200-20)
Add component (AddParameter): Name = "Allied Price/Stock"; Value = "https://www.alliedelec.com/fox-electronics-foxslf-200-20/70025550/"; VariantName = "[No Variations]"
Add component (AddParameter): Name = "Allied_Number"; Value = "70025550"; VariantName = "[No Variations]"
Add component (AddParameter): Name = "Datasheet Link"; Value = "http://www.farnell.com/datasheets/1911270.pdf"; VariantName = "[No Variations]"
Add component (AddParameter): Name = "Manufacturer_Name"; Value = "Fox"; VariantName = "[No Variations]"
Add component (AddParameter): Name = "Manufacturer_Part_Number"; Value = "FOXSLF/200-20"; VariantName = "[No Variations]"
Add component (AddParameter): Name = "Mouser Part Number"; Value = "559-FOXS200-20-LF"; VariantName = "[No Variations]"
Add component (AddParameter): Name = "Mouser Price/Stock"; Value = "https://www.mouser.com/Search/Refine.aspx?Keyword=559-FOXS200-20-LF"; VariantName = "[No Variations]"
Add component (AddParameter): Name = "RS Part Number"; Value = "5476317P"; VariantName = "[No Variations]"
Add component (AddParameter): Name = "RS Price/Stock"; Value = "http://uk.rs-online.com/web/p/products/5476317P"; VariantName = "[No Variations]"
Added Component: Designator=H1(2PinHeader)
Add component (AddParameter): Name = "Datasheet Link"; Value = "https://www.mouser.com/datasheet/2/276/0010845020_PCB_HEADERS-247555.pdf"; VariantName = "[No Variations]"
Add component (AddParameter): Name = "Height"; Value = "14.22mm"; VariantName = "[No Variations]"
Add component (AddParameter): Name = "Manufacturer_Name"; Value = "Molex"; VariantName = "[No Variations]"
Add component (AddParameter): Name = "Manufacturer_Part_Number"; Value = "0010845020"; VariantName = "[No Variations]"
Add component (AddParameter): Name = "Mouser Part Number"; Value = "N/A"; VariantName = "[No Variations]"
Add component (AddParameter): Name = "Mouser Price/Stock"; Value = "https://www.mouser.com/Search/Refine.aspx?Keyword=N%2FA"; VariantName = "[No Variations]"
Add component (AddParameter): Name = "RS Part Number"; Value = ""; VariantName = "[No Variations]"
Add component (AddParameter): Name = "RS Price/Stock"; Value = ""; VariantName = "[No Variations]"
Added Component: Designator=H2(2PinHeader)
Add component (AddParameter): Name = "Datasheet Link"; Value = "https://www.mouser.com/datasheet/2/276/0010845020_PCB_HEADERS-247555.pdf"; VariantName = "[No Variations]"
Add component (AddParameter): Name = "Height"; Value = "14.22mm"; VariantName = "[No Variations]"
Add component (AddParameter): Name = "Manufacturer_Name"; Value = "Molex"; VariantName = "[No Variations]"
Add component (AddParameter): Name = "Manufacturer_Part_Number"; Value = "0010845020"; VariantName = "[No Variations]"
Add component (AddParameter): Name = "Mouser Part Number"; Value = "N/A"; VariantName = "[No Variations]"
Add component (AddParameter): Name = "Mouser Price/Stock"; Value = "https://www.mouser.com/Search/Refine.aspx?Keyword=N%2FA"; VariantName = "[No Variations]"
Add component (AddParameter): Name = "RS Part Number"; Value = ""; VariantName = "[No Variations]"
Add component (AddParameter): Name = "RS Price/Stock"; Value = ""; VariantName = "[No Variations]"
Added Component: Designator=H3(2PinHeader)
Add component (AddParameter): Name = "Datasheet Link"; Value = "https://www.mouser.com/datasheet/2/276/0010845020_PCB_HEADERS-247555.pdf"; VariantName = "[No Variations]"
Add component (AddParameter): Name = "Height"; Value = "14.22mm"; VariantName = "[No Variations]"
Add component (AddParameter): Name = "Manufacturer_Name"; Value = "Molex"; VariantName = "[No Variations]"
Add component (AddParameter): Name = "Manufacturer_Part_Number"; Value = "0010845020"; VariantName = "[No Variations]"
Add component (AddParameter): Name = "Mouser Part Number"; Value = "N/A"; VariantName = "[No Variations]"
Add component (AddParameter): Name = "Mouser Price/Stock"; Value = "https://www.mouser.com/Search/Refine.aspx?Keyword=N%2FA"; VariantName = "[No Variations]"
Add component (AddParameter): Name = "RS Part Number"; Value = ""; VariantName = "[No Variations]"
Add component (AddParameter): Name = "RS Price/Stock"; Value = ""; VariantName = "[No Variations]"
Added Component: Designator=H4(2PinHeader)
Add component (AddParameter): Name = "Datasheet Link"; Value = "https://www.mouser.com/datasheet/2/276/0010845020_PCB_HEADERS-247555.pdf"; VariantName = "[No Variations]"
Add component (AddParameter): Name = "Height"; Value = "14.22mm"; VariantName = "[No Variations]"
Add component (AddParameter): Name = "Manufacturer_Name"; Value = "Molex"; VariantName = "[No Variations]"
Add component (AddParameter): Name = "Manufacturer_Part_Number"; Value = "0010845020"; VariantName = "[No Variations]"
Add component (AddParameter): Name = "Mouser Part Number"; Value = "N/A"; VariantName = "[No Variations]"
Add component (AddParameter): Name = "Mouser Price/Stock"; Value = "https://www.mouser.com/Search/Refine.aspx?Keyword=N%2FA"; VariantName = "[No Variations]"
Add component (AddParameter): Name = "RS Part Number"; Value = ""; VariantName = "[No Variations]"
Add component (AddParameter): Name = "RS Price/Stock"; Value = ""; VariantName = "[No Variations]"
Added Component: Designator=H5(2PinHeader)
Add component (AddParameter): Name = "Datasheet Link"; Value = "https://www.mouser.com/datasheet/2/276/0010845020_PCB_HEADERS-247555.pdf"; VariantName = "[No Variations]"
Add component (AddParameter): Name = "Height"; Value = "14.22mm"; VariantName = "[No Variations]"
Add component (AddParameter): Name = "Manufacturer_Name"; Value = "Molex"; VariantName = "[No Variations]"
Add component (AddParameter): Name = "Manufacturer_Part_Number"; Value = "0010845020"; VariantName = "[No Variations]"
Add component (AddParameter): Name = "Mouser Part Number"; Value = "N/A"; VariantName = "[No Variations]"
Add component (AddParameter): Name = "Mouser Price/Stock"; Value = "https://www.mouser.com/Search/Refine.aspx?Keyword=N%2FA"; VariantName = "[No Variations]"
Add component (AddParameter): Name = "RS Part Number"; Value = ""; VariantName = "[No Variations]"
Add component (AddParameter): Name = "RS Price/Stock"; Value = ""; VariantName = "[No Variations]"
Added Component: Designator=H6(2PinHeader)
Add component (AddParameter): Name = "Datasheet Link"; Value = "https://www.mouser.com/datasheet/2/276/0010845020_PCB_HEADERS-247555.pdf"; VariantName = "[No Variations]"
Add component (AddParameter): Name = "Height"; Value = "14.22mm"; VariantName = "[No Variations]"
Add component (AddParameter): Name = "Manufacturer_Name"; Value = "Molex"; VariantName = "[No Variations]"
Add component (AddParameter): Name = "Manufacturer_Part_Number"; Value = "0010845020"; VariantName = "[No Variations]"
Add component (AddParameter): Name = "Mouser Part Number"; Value = "N/A"; VariantName = "[No Variations]"
Add component (AddParameter): Name = "Mouser Price/Stock"; Value = "https://www.mouser.com/Search/Refine.aspx?Keyword=N%2FA"; VariantName = "[No Variations]"
Add component (AddParameter): Name = "RS Part Number"; Value = ""; VariantName = "[No Variations]"
Add component (AddParameter): Name = "RS Price/Stock"; Value = ""; VariantName = "[No Variations]"
Added Component: Designator=H7(2PinHeader)
Add component (AddParameter): Name = "Datasheet Link"; Value = "https://www.mouser.com/datasheet/2/276/0010845020_PCB_HEADERS-247555.pdf"; VariantName = "[No Variations]"
Add component (AddParameter): Name = "Height"; Value = "14.22mm"; VariantName = "[No Variations]"
Add component (AddParameter): Name = "Manufacturer_Name"; Value = "Molex"; VariantName = "[No Variations]"
Add component (AddParameter): Name = "Manufacturer_Part_Number"; Value = "0010845020"; VariantName = "[No Variations]"
Add component (AddParameter): Name = "Mouser Part Number"; Value = "N/A"; VariantName = "[No Variations]"
Add component (AddParameter): Name = "Mouser Price/Stock"; Value = "https://www.mouser.com/Search/Refine.aspx?Keyword=N%2FA"; VariantName = "[No Variations]"
Add component (AddParameter): Name = "RS Part Number"; Value = ""; VariantName = "[No Variations]"
Add component (AddParameter): Name = "RS Price/Stock"; Value = ""; VariantName = "[No Variations]"
Added Component: Designator=H8(2PinHeader)
Add component (AddParameter): Name = "Datasheet Link"; Value = "https://www.mouser.com/datasheet/2/276/0010845020_PCB_HEADERS-247555.pdf"; VariantName = "[No Variations]"
Add component (AddParameter): Name = "Height"; Value = "14.22mm"; VariantName = "[No Variations]"
Add component (AddParameter): Name = "Manufacturer_Name"; Value = "Molex"; VariantName = "[No Variations]"
Add component (AddParameter): Name = "Manufacturer_Part_Number"; Value = "0010845020"; VariantName = "[No Variations]"
Add component (AddParameter): Name = "Mouser Part Number"; Value = "N/A"; VariantName = "[No Variations]"
Add component (AddParameter): Name = "Mouser Price/Stock"; Value = "https://www.mouser.com/Search/Refine.aspx?Keyword=N%2FA"; VariantName = "[No Variations]"
Add component (AddParameter): Name = "RS Part Number"; Value = ""; VariantName = "[No Variations]"
Add component (AddParameter): Name = "RS Price/Stock"; Value = ""; VariantName = "[No Variations]"
Added Component: Designator=H9(3PinHeader)
Add component (AddParameter): Name = "Allied Price/Stock"; Value = "https://www.alliedelec.com/teconnectivity-5-146278-3/70042446/"; VariantName = "[No Variations]"
Add component (AddParameter): Name = "Allied_Number"; Value = "70042446"; VariantName = "[No Variations]"
Add component (AddParameter): Name = "Datasheet Link"; Value = "https://www.mouser.com/datasheet/2/418/NG_CD_146278_H1-1238585.pdf"; VariantName = "[No Variations]"
Add component (AddParameter): Name = "Height"; Value = "8.13mm"; VariantName = "[No Variations]"
Add component (AddParameter): Name = "Manufacturer_Name"; Value = "TE Connectivity"; VariantName = "[No Variations]"
Add component (AddParameter): Name = "Manufacturer_Part_Number"; Value = "5-146278-3"; VariantName = "[No Variations]"
Add component (AddParameter): Name = "Mouser Part Number"; Value = "571-5-146278-3"; VariantName = "[No Variations]"
Add component (AddParameter): Name = "Mouser Price/Stock"; Value = "https://www.mouser.com/Search/Refine.aspx?Keyword=571-5-146278-3"; VariantName = "[No Variations]"
Add component (AddParameter): Name = "RS Part Number"; Value = "7829195"; VariantName = "[No Variations]"
Add component (AddParameter): Name = "RS Price/Stock"; Value = "https://uk.rs-online.com/web/p/products/7829195"; VariantName = "[No Variations]"
Added Component: Designator=H10(3PinHeader)
Add component (AddParameter): Name = "Allied Price/Stock"; Value = "https://www.alliedelec.com/teconnectivity-5-146278-3/70042446/"; VariantName = "[No Variations]"
Add component (AddParameter): Name = "Allied_Number"; Value = "70042446"; VariantName = "[No Variations]"
Add component (AddParameter): Name = "Datasheet Link"; Value = "https://www.mouser.com/datasheet/2/418/NG_CD_146278_H1-1238585.pdf"; VariantName = "[No Variations]"
Add component (AddParameter): Name = "Height"; Value = "8.13mm"; VariantName = "[No Variations]"
Add component (AddParameter): Name = "Manufacturer_Name"; Value = "TE Connectivity"; VariantName = "[No Variations]"
Add component (AddParameter): Name = "Manufacturer_Part_Number"; Value = "5-146278-3"; VariantName = "[No Variations]"
Add component (AddParameter): Name = "Mouser Part Number"; Value = "571-5-146278-3"; VariantName = "[No Variations]"
Add component (AddParameter): Name = "Mouser Price/Stock"; Value = "https://www.mouser.com/Search/Refine.aspx?Keyword=571-5-146278-3"; VariantName = "[No Variations]"
Add component (AddParameter): Name = "RS Part Number"; Value = "7829195"; VariantName = "[No Variations]"
Add component (AddParameter): Name = "RS Price/Stock"; Value = "https://uk.rs-online.com/web/p/products/7829195"; VariantName = "[No Variations]"
Added Component: Designator=H11(2PinHeader)
Add component (AddParameter): Name = "Datasheet Link"; Value = "https://www.mouser.com/datasheet/2/276/0010845020_PCB_HEADERS-247555.pdf"; VariantName = "[No Variations]"
Add component (AddParameter): Name = "Height"; Value = "14.22mm"; VariantName = "[No Variations]"
Add component (AddParameter): Name = "Manufacturer_Name"; Value = "Molex"; VariantName = "[No Variations]"
Add component (AddParameter): Name = "Manufacturer_Part_Number"; Value = "0010845020"; VariantName = "[No Variations]"
Add component (AddParameter): Name = "Mouser Part Number"; Value = "N/A"; VariantName = "[No Variations]"
Add component (AddParameter): Name = "Mouser Price/Stock"; Value = "https://www.mouser.com/Search/Refine.aspx?Keyword=N%2FA"; VariantName = "[No Variations]"
Add component (AddParameter): Name = "RS Part Number"; Value = ""; VariantName = "[No Variations]"
Add component (AddParameter): Name = "RS Price/Stock"; Value = ""; VariantName = "[No Variations]"
Added Component: Designator=H12(2PinHeader)
Add component (AddParameter): Name = "Datasheet Link"; Value = "https://www.mouser.com/datasheet/2/276/0010845020_PCB_HEADERS-247555.pdf"; VariantName = "[No Variations]"
Add component (AddParameter): Name = "Height"; Value = "14.22mm"; VariantName = "[No Variations]"
Add component (AddParameter): Name = "Manufacturer_Name"; Value = "Molex"; VariantName = "[No Variations]"
Add component (AddParameter): Name = "Manufacturer_Part_Number"; Value = "0010845020"; VariantName = "[No Variations]"
Add component (AddParameter): Name = "Mouser Part Number"; Value = "N/A"; VariantName = "[No Variations]"
Add component (AddParameter): Name = "Mouser Price/Stock"; Value = "https://www.mouser.com/Search/Refine.aspx?Keyword=N%2FA"; VariantName = "[No Variations]"
Add component (AddParameter): Name = "RS Part Number"; Value = ""; VariantName = "[No Variations]"
Add component (AddParameter): Name = "RS Price/Stock"; Value = ""; VariantName = "[No Variations]"
Added Component: Designator=H13(2PinHeader)
Add component (AddParameter): Name = "Datasheet Link"; Value = "https://www.mouser.com/datasheet/2/276/0010845020_PCB_HEADERS-247555.pdf"; VariantName = "[No Variations]"
Add component (AddParameter): Name = "Height"; Value = "14.22mm"; VariantName = "[No Variations]"
Add component (AddParameter): Name = "Manufacturer_Name"; Value = "Molex"; VariantName = "[No Variations]"
Add component (AddParameter): Name = "Manufacturer_Part_Number"; Value = "0010845020"; VariantName = "[No Variations]"
Add component (AddParameter): Name = "Mouser Part Number"; Value = "N/A"; VariantName = "[No Variations]"
Add component (AddParameter): Name = "Mouser Price/Stock"; Value = "https://www.mouser.com/Search/Refine.aspx?Keyword=N%2FA"; VariantName = "[No Variations]"
Add component (AddParameter): Name = "RS Part Number"; Value = ""; VariantName = "[No Variations]"
Add component (AddParameter): Name = "RS Price/Stock"; Value = ""; VariantName = "[No Variations]"
Added Component: Designator=H14(2PinHeader)
Add component (AddParameter): Name = "Datasheet Link"; Value = "https://www.mouser.com/datasheet/2/276/0010845020_PCB_HEADERS-247555.pdf"; VariantName = "[No Variations]"
Add component (AddParameter): Name = "Height"; Value = "14.22mm"; VariantName = "[No Variations]"
Add component (AddParameter): Name = "Manufacturer_Name"; Value = "Molex"; VariantName = "[No Variations]"
Add component (AddParameter): Name = "Manufacturer_Part_Number"; Value = "0010845020"; VariantName = "[No Variations]"
Add component (AddParameter): Name = "Mouser Part Number"; Value = "N/A"; VariantName = "[No Variations]"
Add component (AddParameter): Name = "Mouser Price/Stock"; Value = "https://www.mouser.com/Search/Refine.aspx?Keyword=N%2FA"; VariantName = "[No Variations]"
Add component (AddParameter): Name = "RS Part Number"; Value = ""; VariantName = "[No Variations]"
Add component (AddParameter): Name = "RS Price/Stock"; Value = ""; VariantName = "[No Variations]"
Added Component: Designator=H15(2PinHeader)
Add component (AddParameter): Name = "Datasheet Link"; Value = "https://www.mouser.com/datasheet/2/276/0010845020_PCB_HEADERS-247555.pdf"; VariantName = "[No Variations]"
Add component (AddParameter): Name = "Height"; Value = "14.22mm"; VariantName = "[No Variations]"
Add component (AddParameter): Name = "Manufacturer_Name"; Value = "Molex"; VariantName = "[No Variations]"
Add component (AddParameter): Name = "Manufacturer_Part_Number"; Value = "0010845020"; VariantName = "[No Variations]"
Add component (AddParameter): Name = "Mouser Part Number"; Value = "N/A"; VariantName = "[No Variations]"
Add component (AddParameter): Name = "Mouser Price/Stock"; Value = "https://www.mouser.com/Search/Refine.aspx?Keyword=N%2FA"; VariantName = "[No Variations]"
Add component (AddParameter): Name = "RS Part Number"; Value = ""; VariantName = "[No Variations]"
Add component (AddParameter): Name = "RS Price/Stock"; Value = ""; VariantName = "[No Variations]"
Added Component: Designator=H16(2PinHeader)
Add component (AddParameter): Name = "Datasheet Link"; Value = "https://www.mouser.com/datasheet/2/276/0010845020_PCB_HEADERS-247555.pdf"; VariantName = "[No Variations]"
Add component (AddParameter): Name = "Height"; Value = "14.22mm"; VariantName = "[No Variations]"
Add component (AddParameter): Name = "Manufacturer_Name"; Value = "Molex"; VariantName = "[No Variations]"
Add component (AddParameter): Name = "Manufacturer_Part_Number"; Value = "0010845020"; VariantName = "[No Variations]"
Add component (AddParameter): Name = "Mouser Part Number"; Value = "N/A"; VariantName = "[No Variations]"
Add component (AddParameter): Name = "Mouser Price/Stock"; Value = "https://www.mouser.com/Search/Refine.aspx?Keyword=N%2FA"; VariantName = "[No Variations]"
Add component (AddParameter): Name = "RS Part Number"; Value = ""; VariantName = "[No Variations]"
Add component (AddParameter): Name = "RS Price/Stock"; Value = ""; VariantName = "[No Variations]"
Added Component: Designator=IC1(DIP794W56P254L2280H432Q18N)
Add component (AddParameter): Name = "Datasheet Link"; Value = "http://docs-emea.rs-online.com/webdocs/1382/0900766b8138209a.pdf"; VariantName = "[No Variations]"
Add component (AddParameter): Name = "Height"; Value = "4.32mm"; VariantName = "[No Variations]"
Add component (AddParameter): Name = "Manufacturer_Name"; Value = "Microchip"; VariantName = "[No Variations]"
Add component (AddParameter): Name = "Manufacturer_Part_Number"; Value = "PIC16F628A-I/P"; VariantName = "[No Variations]"
Add component (AddParameter): Name = "Mouser Part Number"; Value = "579-PIC16F628A-I/P"; VariantName = "[No Variations]"
Add component (AddParameter): Name = "Mouser Price/Stock"; Value = "https://www.mouser.com/Search/Refine.aspx?Keyword=579-PIC16F628A-I%2FP"; VariantName = "[No Variations]"
Add component (AddParameter): Name = "RS Part Number"; Value = "1214233P"; VariantName = "[No Variations]"
Add component (AddParameter): Name = "RS Price/Stock"; Value = "http://uk.rs-online.com/web/p/products/1214233P"; VariantName = "[No Variations]"
Added Component: Designator=IC2(ICM7555)
Add component (AddParameter): Name = "Datasheet Link"; Value = "http://www.intersil.com/content/dam/Intersil/documents/icm7/icm7555-56.pdf"; VariantName = "[No Variations]"
Add component (AddParameter): Name = "Height"; Value = "1.75mm"; VariantName = "[No Variations]"
Add component (AddParameter): Name = "Manufacturer_Name"; Value = "Renesas Electronics"; VariantName = "[No Variations]"
Add component (AddParameter): Name = "Manufacturer_Part_Number"; Value = "ICM7555CBAZ"; VariantName = "[No Variations]"
Add component (AddParameter): Name = "Mouser Part Number"; Value = ""; VariantName = "[No Variations]"
Add component (AddParameter): Name = "Mouser Price/Stock"; Value = ""; VariantName = "[No Variations]"
Add component (AddParameter): Name = "RS Part Number"; Value = ""; VariantName = "[No Variations]"
Add component (AddParameter): Name = "RS Price/Stock"; Value = ""; VariantName = "[No Variations]"
Added Component: Designator=IC3(TO254P470X1016X2019-3P)
Add component (AddParameter): Name = "Datasheet Link"; Value = "https://componentsearchengine.com/Datasheets/2/LM7805ACT.pdf"; VariantName = "[No Variations]"
Add component (AddParameter): Name = "Height"; Value = "4.7mm"; VariantName = "[No Variations]"
Add component (AddParameter): Name = "Manufacturer_Name"; Value = "ON Semiconductor"; VariantName = "[No Variations]"
Add component (AddParameter): Name = "Manufacturer_Part_Number"; Value = "LM7805ACT"; VariantName = "[No Variations]"
Add component (AddParameter): Name = "Mouser Part Number"; Value = "512-LM7805ACT"; VariantName = "[No Variations]"
Add component (AddParameter): Name = "Mouser Price/Stock"; Value = "https://www.mouser.com/Search/Refine.aspx?Keyword=512-LM7805ACT"; VariantName = "[No Variations]"
Add component (AddParameter): Name = "RS Part Number"; Value = "8062839"; VariantName = "[No Variations]"
Add component (AddParameter): Name = "RS Price/Stock"; Value = "http://uk.rs-online.com/web/p/products/8062839"; VariantName = "[No Variations]"
Added Component: Designator=IC4(TO254P470X1028X1955-3P)
Add component (AddParameter): Name = "Datasheet Link"; Value = "http://www.ti.com/lit/ds/symlink/lm7800.pdf"; VariantName = "[No Variations]"
Add component (AddParameter): Name = "Height"; Value = "4.7mm"; VariantName = "[No Variations]"
Add component (AddParameter): Name = "Manufacturer_Name"; Value = "Texas Instruments"; VariantName = "[No Variations]"
Add component (AddParameter): Name = "Manufacturer_Part_Number"; Value = "LM7812CT"; VariantName = "[No Variations]"
Add component (AddParameter): Name = "Mouser Part Number"; Value = "926-LM7812CT"; VariantName = "[No Variations]"
Add component (AddParameter): Name = "Mouser Price/Stock"; Value = "https://www.mouser.com/Search/Refine.aspx?Keyword=926-LM7812CT"; VariantName = "[No Variations]"
Add component (AddParameter): Name = "RS Part Number"; Value = "0648438A"; VariantName = "[No Variations]"
Add component (AddParameter): Name = "RS Price/Stock"; Value = "http://uk.rs-online.com/web/p/products/0648438A"; VariantName = "[No Variations]"
Added Component: Designator=Q1(TO127P254X732-3)
Add component (AddParameter): Name = "Datasheet Link"; Value = "http://componentsearchengine.com/Datasheets/1/BC548B.pdf"; VariantName = "[No Variations]"
Add component (AddParameter): Name = "Manufacturer_Name"; Value = "ON Semiconductor"; VariantName = "[No Variations]"
Add component (AddParameter): Name = "Manufacturer_Part_Number"; Value = "BC548B"; VariantName = "[No Variations]"
Add component (AddParameter): Name = "Mouser Part Number"; Value = "512-BC548B"; VariantName = "[No Variations]"
Add component (AddParameter): Name = "Mouser Price/Stock"; Value = "http://www.mouser.com/Search/ProductDetail.aspx?qs=ljbEvF4DwOPrhFN8FYf3cw%3d%3d"; VariantName = "[No Variations]"
Add component (AddParameter): Name = "RS Part Number"; Value = "4379568"; VariantName = "[No Variations]"
Add component (AddParameter): Name = "RS Price/Stock"; Value = "http://uk.rs-online.com/web/p/products/4379568"; VariantName = "[No Variations]"
Added Component: Designator=Q2(CS_TO-92)
Add component (AddParameter): Name = "Datasheet Link"; Value = "https://my.centralsemi.com/get_document.php?cmp=1&mergetype=pd&mergepath=pd&pdf_id=MPSA12-14.PDF"; VariantName = "[No Variations]"
Add component (AddParameter): Name = "Manufacturer_Name"; Value = "Central Semiconductor"; VariantName = "[No Variations]"
Add component (AddParameter): Name = "Manufacturer_Part_Number"; Value = "MPSA14"; VariantName = "[No Variations]"
Add component (AddParameter): Name = "Mouser Part Number"; Value = "610-MPSA14"; VariantName = "[No Variations]"
Add component (AddParameter): Name = "Mouser Price/Stock"; Value = "https://www.mouser.com/Search/Refine.aspx?Keyword=610-MPSA14"; VariantName = "[No Variations]"
Add component (AddParameter): Name = "RS Part Number"; Value = ""; VariantName = "[No Variations]"
Add component (AddParameter): Name = "RS Price/Stock"; Value = ""; VariantName = "[No Variations]"
Added Component: Designator=Q3(TO127P254X732-3)
Add component (AddParameter): Name = "Datasheet Link"; Value = "http://componentsearchengine.com/Datasheets/1/BC548B.pdf"; VariantName = "[No Variations]"
Add component (AddParameter): Name = "Manufacturer_Name"; Value = "ON Semiconductor"; VariantName = "[No Variations]"
Add component (AddParameter): Name = "Manufacturer_Part_Number"; Value = "BC548B"; VariantName = "[No Variations]"
Add component (AddParameter): Name = "Mouser Part Number"; Value = "512-BC548B"; VariantName = "[No Variations]"
Add component (AddParameter): Name = "Mouser Price/Stock"; Value = "http://www.mouser.com/Search/ProductDetail.aspx?qs=ljbEvF4DwOPrhFN8FYf3cw%3d%3d"; VariantName = "[No Variations]"
Add component (AddParameter): Name = "RS Part Number"; Value = "4379568"; VariantName = "[No Variations]"
Add component (AddParameter): Name = "RS Price/Stock"; Value = "http://uk.rs-online.com/web/p/products/4379568"; VariantName = "[No Variations]"
Added Component: Designator=Q4(TO127P254X732-3)
Add component (AddParameter): Name = "Datasheet Link"; Value = "http://componentsearchengine.com/Datasheets/1/BC548B.pdf"; VariantName = "[No Variations]"
Add component (AddParameter): Name = "Manufacturer_Name"; Value = "ON Semiconductor"; VariantName = "[No Variations]"
Add component (AddParameter): Name = "Manufacturer_Part_Number"; Value = "BC548B"; VariantName = "[No Variations]"
Add component (AddParameter): Name = "Mouser Part Number"; Value = "512-BC548B"; VariantName = "[No Variations]"
Add component (AddParameter): Name = "Mouser Price/Stock"; Value = "http://www.mouser.com/Search/ProductDetail.aspx?qs=ljbEvF4DwOPrhFN8FYf3cw%3d%3d"; VariantName = "[No Variations]"
Add component (AddParameter): Name = "RS Part Number"; Value = "4379568"; VariantName = "[No Variations]"
Add component (AddParameter): Name = "RS Price/Stock"; Value = "http://uk.rs-online.com/web/p/products/4379568"; VariantName = "[No Variations]"
Added Component: Designator=Q5(TO127P254X732-3)
Add component (AddParameter): Name = "Datasheet Link"; Value = "http://componentsearchengine.com/Datasheets/1/BC548B.pdf"; VariantName = "[No Variations]"
Add component (AddParameter): Name = "Manufacturer_Name"; Value = "ON Semiconductor"; VariantName = "[No Variations]"
Add component (AddParameter): Name = "Manufacturer_Part_Number"; Value = "BC548B"; VariantName = "[No Variations]"
Add component (AddParameter): Name = "Mouser Part Number"; Value = "512-BC548B"; VariantName = "[No Variations]"
Add component (AddParameter): Name = "Mouser Price/Stock"; Value = "http://www.mouser.com/Search/ProductDetail.aspx?qs=ljbEvF4DwOPrhFN8FYf3cw%3d%3d"; VariantName = "[No Variations]"
Add component (AddParameter): Name = "RS Part Number"; Value = "4379568"; VariantName = "[No Variations]"
Add component (AddParameter): Name = "RS Price/Stock"; Value = "http://uk.rs-online.com/web/p/products/4379568"; VariantName = "[No Variations]"
Added Component: Designator=R1(Res_0805)
Add component (AddParameter): Name = "Allied Price/Stock"; Value = "https://www.alliedelec.com/te-connectivity-cpf0805b100ke/70286772/"; VariantName = "[No Variations]"
Add component (AddParameter): Name = "Allied_Number"; Value = "70286772"; VariantName = "[No Variations]"
Add component (AddParameter): Name = "Datasheet Link"; Value = "http://docs-europe.electrocomponents.com/webdocs/13d1/0900766b813d116f.pdf"; VariantName = "[No Variations]"
Add component (AddParameter): Name = "Height"; Value = "0.65mm"; VariantName = "[No Variations]"
Add component (AddParameter): Name = "Manufacturer_Name"; Value = "TE Connectivity"; VariantName = "[No Variations]"
Add component (AddParameter): Name = "Manufacturer_Part_Number"; Value = "CPF0805B100KE"; VariantName = "[No Variations]"
Add component (AddParameter): Name = "Mouser Part Number"; Value = "279-CPF0805B100KE"; VariantName = "[No Variations]"
Add component (AddParameter): Name = "Mouser Price/Stock"; Value = "https://www.mouser.com/Search/Refine.aspx?Keyword=279-CPF0805B100KE"; VariantName = "[No Variations]"
Add component (AddParameter): Name = "RS Part Number"; Value = "6662673P"; VariantName = "[No Variations]"
Add component (AddParameter): Name = "RS Price/Stock"; Value = "http://uk.rs-online.com/web/p/products/6662673P"; VariantName = "[No Variations]"
Added Component: Designator=R2(Res_0805)
Add component (AddParameter): Name = "Allied Price/Stock"; Value = "https://www.alliedelec.com/te-connectivity-cpf0805b100ke/70286772/"; VariantName = "[No Variations]"
Add component (AddParameter): Name = "Allied_Number"; Value = "70286772"; VariantName = "[No Variations]"
Add component (AddParameter): Name = "Datasheet Link"; Value = "http://docs-europe.electrocomponents.com/webdocs/13d1/0900766b813d116f.pdf"; VariantName = "[No Variations]"
Add component (AddParameter): Name = "Height"; Value = "0.65mm"; VariantName = "[No Variations]"
Add component (AddParameter): Name = "Manufacturer_Name"; Value = "TE Connectivity"; VariantName = "[No Variations]"
Add component (AddParameter): Name = "Manufacturer_Part_Number"; Value = "CPF0805B100KE"; VariantName = "[No Variations]"
Add component (AddParameter): Name = "Mouser Part Number"; Value = "279-CPF0805B100KE"; VariantName = "[No Variations]"
Add component (AddParameter): Name = "Mouser Price/Stock"; Value = "https://www.mouser.com/Search/Refine.aspx?Keyword=279-CPF0805B100KE"; VariantName = "[No Variations]"
Add component (AddParameter): Name = "RS Part Number"; Value = "6662673P"; VariantName = "[No Variations]"
Add component (AddParameter): Name = "RS Price/Stock"; Value = "http://uk.rs-online.com/web/p/products/6662673P"; VariantName = "[No Variations]"
Added Component: Designator=R3(Res_0805)
Add component (AddParameter): Name = "Allied Price/Stock"; Value = "https://www.alliedelec.com/te-connectivity-cpf0805b100ke/70286772/"; VariantName = "[No Variations]"
Add component (AddParameter): Name = "Allied_Number"; Value = "70286772"; VariantName = "[No Variations]"
Add component (AddParameter): Name = "Datasheet Link"; Value = "http://docs-europe.electrocomponents.com/webdocs/13d1/0900766b813d116f.pdf"; VariantName = "[No Variations]"
Add component (AddParameter): Name = "Height"; Value = "0.65mm"; VariantName = "[No Variations]"
Add component (AddParameter): Name = "Manufacturer_Name"; Value = "TE Connectivity"; VariantName = "[No Variations]"
Add component (AddParameter): Name = "Manufacturer_Part_Number"; Value = "CPF0805B100KE"; VariantName = "[No Variations]"
Add component (AddParameter): Name = "Mouser Part Number"; Value = "279-CPF0805B100KE"; VariantName = "[No Variations]"
Add component (AddParameter): Name = "Mouser Price/Stock"; Value = "https://www.mouser.com/Search/Refine.aspx?Keyword=279-CPF0805B100KE"; VariantName = "[No Variations]"
Add component (AddParameter): Name = "RS Part Number"; Value = "6662673P"; VariantName = "[No Variations]"
Add component (AddParameter): Name = "RS Price/Stock"; Value = "http://uk.rs-online.com/web/p/products/6662673P"; VariantName = "[No Variations]"
Added Component: Designator=R4(Axial RES)
Add component (AddParameter): Name = "Allied Price/Stock"; Value = "https://www.alliedelec.com/te-connectivity-cpf0805b100ke/70286772/"; VariantName = "[No Variations]"
Add component (AddParameter): Name = "Allied_Number"; Value = "70286772"; VariantName = "[No Variations]"
Add component (AddParameter): Name = "Datasheet Link"; Value = "http://docs-europe.electrocomponents.com/webdocs/13d1/0900766b813d116f.pdf"; VariantName = "[No Variations]"
Add component (AddParameter): Name = "Height"; Value = "0.65mm"; VariantName = "[No Variations]"
Add component (AddParameter): Name = "Manufacturer_Name"; Value = "TE Connectivity"; VariantName = "[No Variations]"
Add component (AddParameter): Name = "Manufacturer_Part_Number"; Value = "CPF0805B100KE"; VariantName = "[No Variations]"
Add component (AddParameter): Name = "Mouser Part Number"; Value = "279-CPF0805B100KE"; VariantName = "[No Variations]"
Add component (AddParameter): Name = "Mouser Price/Stock"; Value = "https://www.mouser.com/Search/Refine.aspx?Keyword=279-CPF0805B100KE"; VariantName = "[No Variations]"
Add component (AddParameter): Name = "RS Part Number"; Value = "6662673P"; VariantName = "[No Variations]"
Add component (AddParameter): Name = "RS Price/Stock"; Value = "http://uk.rs-online.com/web/p/products/6662673P"; VariantName = "[No Variations]"
Added Component: Designator=R5(Axial RES)
Add component (AddParameter): Name = "Allied Price/Stock"; Value = "https://www.alliedelec.com/te-connectivity-cpf0805b100ke/70286772/"; VariantName = "[No Variations]"
Add component (AddParameter): Name = "Allied_Number"; Value = "70286772"; VariantName = "[No Variations]"
Add component (AddParameter): Name = "Datasheet Link"; Value = "http://docs-europe.electrocomponents.com/webdocs/13d1/0900766b813d116f.pdf"; VariantName = "[No Variations]"
Add component (AddParameter): Name = "Height"; Value = "0.65mm"; VariantName = "[No Variations]"
Add component (AddParameter): Name = "Manufacturer_Name"; Value = "TE Connectivity"; VariantName = "[No Variations]"
Add component (AddParameter): Name = "Manufacturer_Part_Number"; Value = "CPF0805B100KE"; VariantName = "[No Variations]"
Add component (AddParameter): Name = "Mouser Part Number"; Value = "279-CPF0805B100KE"; VariantName = "[No Variations]"
Add component (AddParameter): Name = "Mouser Price/Stock"; Value = "https://www.mouser.com/Search/Refine.aspx?Keyword=279-CPF0805B100KE"; VariantName = "[No Variations]"
Add component (AddParameter): Name = "RS Part Number"; Value = "6662673P"; VariantName = "[No Variations]"
Add component (AddParameter): Name = "RS Price/Stock"; Value = "http://uk.rs-online.com/web/p/products/6662673P"; VariantName = "[No Variations]"
Added Component: Designator=R6(Res_0805)
Add component (AddParameter): Name = "Allied Price/Stock"; Value = "https://www.alliedelec.com/te-connectivity-cpf0805b100ke/70286772/"; VariantName = "[No Variations]"
Add component (AddParameter): Name = "Allied_Number"; Value = "70286772"; VariantName = "[No Variations]"
Add component (AddParameter): Name = "Datasheet Link"; Value = "http://docs-europe.electrocomponents.com/webdocs/13d1/0900766b813d116f.pdf"; VariantName = "[No Variations]"
Add component (AddParameter): Name = "Height"; Value = "0.65mm"; VariantName = "[No Variations]"
Add component (AddParameter): Name = "Manufacturer_Name"; Value = "TE Connectivity"; VariantName = "[No Variations]"
Add component (AddParameter): Name = "Manufacturer_Part_Number"; Value = "CPF0805B100KE"; VariantName = "[No Variations]"
Add component (AddParameter): Name = "Mouser Part Number"; Value = "279-CPF0805B100KE"; VariantName = "[No Variations]"
Add component (AddParameter): Name = "Mouser Price/Stock"; Value = "https://www.mouser.com/Search/Refine.aspx?Keyword=279-CPF0805B100KE"; VariantName = "[No Variations]"
Add component (AddParameter): Name = "RS Part Number"; Value = "6662673P"; VariantName = "[No Variations]"
Add component (AddParameter): Name = "RS Price/Stock"; Value = "http://uk.rs-online.com/web/p/products/6662673P"; VariantName = "[No Variations]"
Added Component: Designator=R7(Res_0805)
Add component (AddParameter): Name = "Allied Price/Stock"; Value = "https://www.alliedelec.com/te-connectivity-cpf0805b100ke/70286772/"; VariantName = "[No Variations]"
Add component (AddParameter): Name = "Allied_Number"; Value = "70286772"; VariantName = "[No Variations]"
Add component (AddParameter): Name = "Datasheet Link"; Value = "http://docs-europe.electrocomponents.com/webdocs/13d1/0900766b813d116f.pdf"; VariantName = "[No Variations]"
Add component (AddParameter): Name = "Height"; Value = "0.65mm"; VariantName = "[No Variations]"
Add component (AddParameter): Name = "Manufacturer_Name"; Value = "TE Connectivity"; VariantName = "[No Variations]"
Add component (AddParameter): Name = "Manufacturer_Part_Number"; Value = "CPF0805B100KE"; VariantName = "[No Variations]"
Add component (AddParameter): Name = "Mouser Part Number"; Value = "279-CPF0805B100KE"; VariantName = "[No Variations]"
Add component (AddParameter): Name = "Mouser Price/Stock"; Value = "https://www.mouser.com/Search/Refine.aspx?Keyword=279-CPF0805B100KE"; VariantName = "[No Variations]"
Add component (AddParameter): Name = "RS Part Number"; Value = "6662673P"; VariantName = "[No Variations]"
Add component (AddParameter): Name = "RS Price/Stock"; Value = "http://uk.rs-online.com/web/p/products/6662673P"; VariantName = "[No Variations]"
Added Component: Designator=R8(Res_0805)
Add component (AddParameter): Name = "Allied Price/Stock"; Value = "https://www.alliedelec.com/te-connectivity-cpf0805b100ke/70286772/"; VariantName = "[No Variations]"
Add component (AddParameter): Name = "Allied_Number"; Value = "70286772"; VariantName = "[No Variations]"
Add component (AddParameter): Name = "Datasheet Link"; Value = "http://docs-europe.electrocomponents.com/webdocs/13d1/0900766b813d116f.pdf"; VariantName = "[No Variations]"
Add component (AddParameter): Name = "Height"; Value = "0.65mm"; VariantName = "[No Variations]"
Add component (AddParameter): Name = "Manufacturer_Name"; Value = "TE Connectivity"; VariantName = "[No Variations]"
Add component (AddParameter): Name = "Manufacturer_Part_Number"; Value = "CPF0805B100KE"; VariantName = "[No Variations]"
Add component (AddParameter): Name = "Mouser Part Number"; Value = "279-CPF0805B100KE"; VariantName = "[No Variations]"
Add component (AddParameter): Name = "Mouser Price/Stock"; Value = "https://www.mouser.com/Search/Refine.aspx?Keyword=279-CPF0805B100KE"; VariantName = "[No Variations]"
Add component (AddParameter): Name = "RS Part Number"; Value = "6662673P"; VariantName = "[No Variations]"
Add component (AddParameter): Name = "RS Price/Stock"; Value = "http://uk.rs-online.com/web/p/products/6662673P"; VariantName = "[No Variations]"
Added Component: Designator=R9(Res_0805)
Add component (AddParameter): Name = "Allied Price/Stock"; Value = "https://www.alliedelec.com/te-connectivity-cpf0805b100ke/70286772/"; VariantName = "[No Variations]"
Add component (AddParameter): Name = "Allied_Number"; Value = "70286772"; VariantName = "[No Variations]"
Add component (AddParameter): Name = "Datasheet Link"; Value = "http://docs-europe.electrocomponents.com/webdocs/13d1/0900766b813d116f.pdf"; VariantName = "[No Variations]"
Add component (AddParameter): Name = "Height"; Value = "0.65mm"; VariantName = "[No Variations]"
Add component (AddParameter): Name = "Manufacturer_Name"; Value = "TE Connectivity"; VariantName = "[No Variations]"
Add component (AddParameter): Name = "Manufacturer_Part_Number"; Value = "CPF0805B100KE"; VariantName = "[No Variations]"
Add component (AddParameter): Name = "Mouser Part Number"; Value = "279-CPF0805B100KE"; VariantName = "[No Variations]"
Add component (AddParameter): Name = "Mouser Price/Stock"; Value = "https://www.mouser.com/Search/Refine.aspx?Keyword=279-CPF0805B100KE"; VariantName = "[No Variations]"
Add component (AddParameter): Name = "RS Part Number"; Value = "6662673P"; VariantName = "[No Variations]"
Add component (AddParameter): Name = "RS Price/Stock"; Value = "http://uk.rs-online.com/web/p/products/6662673P"; VariantName = "[No Variations]"
Added Component: Designator=R10(Res_0805)
Add component (AddParameter): Name = "Allied Price/Stock"; Value = "https://www.alliedelec.com/te-connectivity-cpf0805b100ke/70286772/"; VariantName = "[No Variations]"
Add component (AddParameter): Name = "Allied_Number"; Value = "70286772"; VariantName = "[No Variations]"
Add component (AddParameter): Name = "Datasheet Link"; Value = "http://docs-europe.electrocomponents.com/webdocs/13d1/0900766b813d116f.pdf"; VariantName = "[No Variations]"
Add component (AddParameter): Name = "Height"; Value = "0.65mm"; VariantName = "[No Variations]"
Add component (AddParameter): Name = "Manufacturer_Name"; Value = "TE Connectivity"; VariantName = "[No Variations]"
Add component (AddParameter): Name = "Manufacturer_Part_Number"; Value = "CPF0805B100KE"; VariantName = "[No Variations]"
Add component (AddParameter): Name = "Mouser Part Number"; Value = "279-CPF0805B100KE"; VariantName = "[No Variations]"
Add component (AddParameter): Name = "Mouser Price/Stock"; Value = "https://www.mouser.com/Search/Refine.aspx?Keyword=279-CPF0805B100KE"; VariantName = "[No Variations]"
Add component (AddParameter): Name = "RS Part Number"; Value = "6662673P"; VariantName = "[No Variations]"
Add component (AddParameter): Name = "RS Price/Stock"; Value = "http://uk.rs-online.com/web/p/products/6662673P"; VariantName = "[No Variations]"
Added Component: Designator=R11(Res_0805)
Add component (AddParameter): Name = "Allied Price/Stock"; Value = "https://www.alliedelec.com/te-connectivity-cpf0805b100ke/70286772/"; VariantName = "[No Variations]"
Add component (AddParameter): Name = "Allied_Number"; Value = "70286772"; VariantName = "[No Variations]"
Add component (AddParameter): Name = "Datasheet Link"; Value = "http://docs-europe.electrocomponents.com/webdocs/13d1/0900766b813d116f.pdf"; VariantName = "[No Variations]"
Add component (AddParameter): Name = "Height"; Value = "0.65mm"; VariantName = "[No Variations]"
Add component (AddParameter): Name = "Manufacturer_Name"; Value = "TE Connectivity"; VariantName = "[No Variations]"
Add component (AddParameter): Name = "Manufacturer_Part_Number"; Value = "CPF0805B100KE"; VariantName = "[No Variations]"
Add component (AddParameter): Name = "Mouser Part Number"; Value = "279-CPF0805B100KE"; VariantName = "[No Variations]"
Add component (AddParameter): Name = "Mouser Price/Stock"; Value = "https://www.mouser.com/Search/Refine.aspx?Keyword=279-CPF0805B100KE"; VariantName = "[No Variations]"
Add component (AddParameter): Name = "RS Part Number"; Value = "6662673P"; VariantName = "[No Variations]"
Add component (AddParameter): Name = "RS Price/Stock"; Value = "http://uk.rs-online.com/web/p/products/6662673P"; VariantName = "[No Variations]"
Added Component: Designator=R12(Res_0805)
Add component (AddParameter): Name = "Allied Price/Stock"; Value = "https://www.alliedelec.com/te-connectivity-cpf0805b100ke/70286772/"; VariantName = "[No Variations]"
Add component (AddParameter): Name = "Allied_Number"; Value = "70286772"; VariantName = "[No Variations]"
Add component (AddParameter): Name = "Datasheet Link"; Value = "http://docs-europe.electrocomponents.com/webdocs/13d1/0900766b813d116f.pdf"; VariantName = "[No Variations]"
Add component (AddParameter): Name = "Height"; Value = "0.65mm"; VariantName = "[No Variations]"
Add component (AddParameter): Name = "Manufacturer_Name"; Value = "TE Connectivity"; VariantName = "[No Variations]"
Add component (AddParameter): Name = "Manufacturer_Part_Number"; Value = "CPF0805B100KE"; VariantName = "[No Variations]"
Add component (AddParameter): Name = "Mouser Part Number"; Value = "279-CPF0805B100KE"; VariantName = "[No Variations]"
Add component (AddParameter): Name = "Mouser Price/Stock"; Value = "https://www.mouser.com/Search/Refine.aspx?Keyword=279-CPF0805B100KE"; VariantName = "[No Variations]"
Add component (AddParameter): Name = "RS Part Number"; Value = "6662673P"; VariantName = "[No Variations]"
Add component (AddParameter): Name = "RS Price/Stock"; Value = "http://uk.rs-online.com/web/p/products/6662673P"; VariantName = "[No Variations]"
Added Component: Designator=R13(Res_0805)
Add component (AddParameter): Name = "Allied Price/Stock"; Value = "https://www.alliedelec.com/te-connectivity-cpf0805b100ke/70286772/"; VariantName = "[No Variations]"
Add component (AddParameter): Name = "Allied_Number"; Value = "70286772"; VariantName = "[No Variations]"
Add component (AddParameter): Name = "Datasheet Link"; Value = "http://docs-europe.electrocomponents.com/webdocs/13d1/0900766b813d116f.pdf"; VariantName = "[No Variations]"
Add component (AddParameter): Name = "Height"; Value = "0.65mm"; VariantName = "[No Variations]"
Add component (AddParameter): Name = "Manufacturer_Name"; Value = "TE Connectivity"; VariantName = "[No Variations]"
Add component (AddParameter): Name = "Manufacturer_Part_Number"; Value = "CPF0805B100KE"; VariantName = "[No Variations]"
Add component (AddParameter): Name = "Mouser Part Number"; Value = "279-CPF0805B100KE"; VariantName = "[No Variations]"
Add component (AddParameter): Name = "Mouser Price/Stock"; Value = "https://www.mouser.com/Search/Refine.aspx?Keyword=279-CPF0805B100KE"; VariantName = "[No Variations]"
Add component (AddParameter): Name = "RS Part Number"; Value = "6662673P"; VariantName = "[No Variations]"
Add component (AddParameter): Name = "RS Price/Stock"; Value = "http://uk.rs-online.com/web/p/products/6662673P"; VariantName = "[No Variations]"
Added Component: Designator=R14(Res_0805)
Add component (AddParameter): Name = "Allied Price/Stock"; Value = "https://www.alliedelec.com/te-connectivity-cpf0805b100ke/70286772/"; VariantName = "[No Variations]"
Add component (AddParameter): Name = "Allied_Number"; Value = "70286772"; VariantName = "[No Variations]"
Add component (AddParameter): Name = "Datasheet Link"; Value = "http://docs-europe.electrocomponents.com/webdocs/13d1/0900766b813d116f.pdf"; VariantName = "[No Variations]"
Add component (AddParameter): Name = "Height"; Value = "0.65mm"; VariantName = "[No Variations]"
Add component (AddParameter): Name = "Manufacturer_Name"; Value = "TE Connectivity"; VariantName = "[No Variations]"
Add component (AddParameter): Name = "Manufacturer_Part_Number"; Value = "CPF0805B100KE"; VariantName = "[No Variations]"
Add component (AddParameter): Name = "Mouser Part Number"; Value = "279-CPF0805B100KE"; VariantName = "[No Variations]"
Add component (AddParameter): Name = "Mouser Price/Stock"; Value = "https://www.mouser.com/Search/Refine.aspx?Keyword=279-CPF0805B100KE"; VariantName = "[No Variations]"
Add component (AddParameter): Name = "RS Part Number"; Value = "6662673P"; VariantName = "[No Variations]"
Add component (AddParameter): Name = "RS Price/Stock"; Value = "http://uk.rs-online.com/web/p/products/6662673P"; VariantName = "[No Variations]"
Added Component: Designator=R15(Res_0805)
Add component (AddParameter): Name = "Allied Price/Stock"; Value = "https://www.alliedelec.com/te-connectivity-cpf0805b100ke/70286772/"; VariantName = "[No Variations]"
Add component (AddParameter): Name = "Allied_Number"; Value = "70286772"; VariantName = "[No Variations]"
Add component (AddParameter): Name = "Datasheet Link"; Value = "http://docs-europe.electrocomponents.com/webdocs/13d1/0900766b813d116f.pdf"; VariantName = "[No Variations]"
Add component (AddParameter): Name = "Height"; Value = "0.65mm"; VariantName = "[No Variations]"
Add component (AddParameter): Name = "Manufacturer_Name"; Value = "TE Connectivity"; VariantName = "[No Variations]"
Add component (AddParameter): Name = "Manufacturer_Part_Number"; Value = "CPF0805B100KE"; VariantName = "[No Variations]"
Add component (AddParameter): Name = "Mouser Part Number"; Value = "279-CPF0805B100KE"; VariantName = "[No Variations]"
Add component (AddParameter): Name = "Mouser Price/Stock"; Value = "https://www.mouser.com/Search/Refine.aspx?Keyword=279-CPF0805B100KE"; VariantName = "[No Variations]"
Add component (AddParameter): Name = "RS Part Number"; Value = "6662673P"; VariantName = "[No Variations]"
Add component (AddParameter): Name = "RS Price/Stock"; Value = "http://uk.rs-online.com/web/p/products/6662673P"; VariantName = "[No Variations]"
Added Component: Designator=R16(Res_0805)
Add component (AddParameter): Name = "Allied Price/Stock"; Value = "https://www.alliedelec.com/te-connectivity-cpf0805b100ke/70286772/"; VariantName = "[No Variations]"
Add component (AddParameter): Name = "Allied_Number"; Value = "70286772"; VariantName = "[No Variations]"
Add component (AddParameter): Name = "Datasheet Link"; Value = "http://docs-europe.electrocomponents.com/webdocs/13d1/0900766b813d116f.pdf"; VariantName = "[No Variations]"
Add component (AddParameter): Name = "Height"; Value = "0.65mm"; VariantName = "[No Variations]"
Add component (AddParameter): Name = "Manufacturer_Name"; Value = "TE Connectivity"; VariantName = "[No Variations]"
Add component (AddParameter): Name = "Manufacturer_Part_Number"; Value = "CPF0805B100KE"; VariantName = "[No Variations]"
Add component (AddParameter): Name = "Mouser Part Number"; Value = "279-CPF0805B100KE"; VariantName = "[No Variations]"
Add component (AddParameter): Name = "Mouser Price/Stock"; Value = "https://www.mouser.com/Search/Refine.aspx?Keyword=279-CPF0805B100KE"; VariantName = "[No Variations]"
Add component (AddParameter): Name = "RS Part Number"; Value = "6662673P"; VariantName = "[No Variations]"
Add component (AddParameter): Name = "RS Price/Stock"; Value = "http://uk.rs-online.com/web/p/products/6662673P"; VariantName = "[No Variations]"
Added Component: Designator=RL1(G2R124DC)
Add component (AddParameter): Name = "Datasheet Link"; Value = "https://componentsearchengine.com/Datasheets/2/G2R-1 24DC.pdf"; VariantName = "[No Variations]"
Add component (AddParameter): Name = "Height"; Value = "25.5mm"; VariantName = "[No Variations]"
Add component (AddParameter): Name = "Manufacturer_Name"; Value = "Omron Electronics"; VariantName = "[No Variations]"
Add component (AddParameter): Name = "Manufacturer_Part_Number"; Value = "G2R-1 24DC"; VariantName = "[No Variations]"
Add component (AddParameter): Name = "Mouser Part Number"; Value = ""; VariantName = "[No Variations]"
Add component (AddParameter): Name = "Mouser Price/Stock"; Value = ""; VariantName = "[No Variations]"
Add component (AddParameter): Name = "RS Part Number"; Value = "0366265"; VariantName = "[No Variations]"
Add component (AddParameter): Name = "RS Price/Stock"; Value = "http://uk.rs-online.com/web/p/products/0366265"; VariantName = "[No Variations]"
Added Component: Designator=T1(44204)
Add component (AddParameter): Name = "Datasheet Link"; Value = "https://componentsearchengine.com/Datasheets/2/44204.pdf"; VariantName = "[No Variations]"
Add component (AddParameter): Name = "Height"; Value = "28.1mm"; VariantName = "[No Variations]"
Add component (AddParameter): Name = "Manufacturer_Name"; Value = "MYRRA"; VariantName = "[No Variations]"
Add component (AddParameter): Name = "Manufacturer_Part_Number"; Value = "44204"; VariantName = "[No Variations]"
Add component (AddParameter): Name = "Mouser Part Number"; Value = ""; VariantName = "[No Variations]"
Add component (AddParameter): Name = "Mouser Price/Stock"; Value = ""; VariantName = "[No Variations]"
Add component (AddParameter): Name = "RS Part Number"; Value = "1739917"; VariantName = "[No Variations]"
Add component (AddParameter): Name = "RS Price/Stock"; Value = "http://uk.rs-online.com/web/p/products/1739917"; VariantName = "[No Variations]"
Added Pin To Net: NetName=GND Pin=C1-2
Added Pin To Net: NetName=GND Pin=C2-2
Added Pin To Net: NetName=GND Pin=C3-1
Added Pin To Net: NetName=GND Pin=C4-2
Added Pin To Net: NetName=GND Pin=C5-2
Added Pin To Net: NetName=GND Pin=C6-2
Added Pin To Net: NetName=GND Pin=C7-1
Added Pin To Net: NetName=GND Pin=C8-2
Added Pin To Net: NetName=GND Pin=C9-1
Added Pin To Net: NetName=GND Pin=C10-1
Added Pin To Net: NetName=GND Pin=D3-1
Added Pin To Net: NetName=GND Pin=D6-2
Added Pin To Net: NetName=GND Pin=D7-2
Added Pin To Net: NetName=GND Pin=H1-2
Added Pin To Net: NetName=GND Pin=H2-2
Added Pin To Net: NetName=GND Pin=H3-2
Added Pin To Net: NetName=GND Pin=H4-2
Added Pin To Net: NetName=GND Pin=H5-1
Added Pin To Net: NetName=GND Pin=H6-1
Added Pin To Net: NetName=GND Pin=H7-2
Added Pin To Net: NetName=GND Pin=H8-2
Added Pin To Net: NetName=GND Pin=H9-3
Added Pin To Net: NetName=GND Pin=H10-1
Added Pin To Net: NetName=GND Pin=IC1-5
Added Pin To Net: NetName=GND Pin=IC2-1
Added Pin To Net: NetName=GND Pin=IC4-2
Added Pin To Net: NetName=GND Pin=Q1-3
Added Pin To Net: NetName=GND Pin=Q2-1
Added Pin To Net: NetName=GND Pin=Q3-3
Added Pin To Net: NetName=GND Pin=Q4-3
Added Pin To Net: NetName=GND Pin=Q5-3
Added Pin To Net: NetName=GND Pin=R7-1
Added Net: Name=GND
Added Pin To Net: NetName=NetC1_1 Pin=C1-1
Added Pin To Net: NetName=NetC1_1 Pin=G1-2
Added Pin To Net: NetName=NetC1_1 Pin=IC1-15
Added Net: Name=NetC1_1
Added Pin To Net: NetName=NetC2_1 Pin=C2-1
Added Pin To Net: NetName=NetC2_1 Pin=G1-1
Added Pin To Net: NetName=NetC2_1 Pin=IC1-16
Added Net: Name=NetC2_1
Added Pin To Net: NetName=NetC3_2 Pin=C3-2
Added Pin To Net: NetName=NetC3_2 Pin=IC2-5
Added Net: Name=NetC3_2
Added Pin To Net: NetName=NetC4_1 Pin=C4-1
Added Pin To Net: NetName=NetC4_1 Pin=IC2-6
Added Pin To Net: NetName=NetC4_1 Pin=IC2-7
Added Pin To Net: NetName=NetC4_1 Pin=R9-1
Added Net: Name=NetC4_1
Added Pin To Net: NetName=NetC5_1 Pin=C5-1
Added Pin To Net: NetName=NetC5_1 Pin=D2-1
Added Pin To Net: NetName=NetC5_1 Pin=IC3-1
Added Net: Name=NetC5_1
Added Pin To Net: NetName=NetC6_1 Pin=C6-1
Added Pin To Net: NetName=NetC6_1 Pin=D4-2
Added Pin To Net: NetName=NetC6_1 Pin=D5-2
Added Pin To Net: NetName=NetC6_1 Pin=IC3-3
Added Net: Name=NetC6_1
Added Pin To Net: NetName=NetC7_2 Pin=C7-2
Added Pin To Net: NetName=NetC7_2 Pin=D4-1
Added Pin To Net: NetName=NetC7_2 Pin=IC1-14
Added Pin To Net: NetName=NetC7_2 Pin=IC2-8
Added Pin To Net: NetName=NetC7_2 Pin=R8-2
Added Pin To Net: NetName=NetC7_2 Pin=R9-2
Added Pin To Net: NetName=NetC7_2 Pin=R10-2
Added Pin To Net: NetName=NetC7_2 Pin=R13-1
Added Net: Name=NetC7_2
Added Pin To Net: NetName=NetC8_1 Pin=C8-1
Added Pin To Net: NetName=NetC8_1 Pin=C9-2
Added Pin To Net: NetName=NetC8_1 Pin=D8-1
Added Pin To Net: NetName=NetC8_1 Pin=D9-1
Added Pin To Net: NetName=NetC8_1 Pin=IC4-1
Added Net: Name=NetC8_1
Added Pin To Net: NetName=NetC10_2 Pin=C10-2
Added Pin To Net: NetName=NetC10_2 Pin=D1-2
Added Pin To Net: NetName=NetC10_2 Pin=D2-2
Added Pin To Net: NetName=NetC10_2 Pin=H13-2
Added Pin To Net: NetName=NetC10_2 Pin=H14-2
Added Pin To Net: NetName=NetC10_2 Pin=H15-2
Added Pin To Net: NetName=NetC10_2 Pin=IC4-3
Added Pin To Net: NetName=NetC10_2 Pin=RL1-5
Added Net: Name=NetC10_2
Added Pin To Net: NetName=NetD1_1 Pin=D1-1
Added Pin To Net: NetName=NetD1_1 Pin=Q1-1
Added Pin To Net: NetName=NetD1_1 Pin=RL1-1
Added Net: Name=NetD1_1
Added Pin To Net: NetName=NetD3_2 Pin=D3-2
Added Pin To Net: NetName=NetD3_2 Pin=IC3-2
Added Net: Name=NetD3_2
Added Pin To Net: NetName=NetD5_1 Pin=D5-1
Added Pin To Net: NetName=NetD5_1 Pin=H11-1
Added Net: Name=NetD5_1
Added Pin To Net: NetName=NetD6_1 Pin=D6-1
Added Pin To Net: NetName=NetD6_1 Pin=D8-2
Added Pin To Net: NetName=NetD6_1 Pin=T1-7
Added Net: Name=NetD6_1
Added Pin To Net: NetName=NetD7_1 Pin=D7-1
Added Pin To Net: NetName=NetD7_1 Pin=D9-2
Added Pin To Net: NetName=NetD7_1 Pin=T1-6
Added Net: Name=NetD7_1
Added Pin To Net: NetName=NetF1_1 Pin=F1-1
Added Pin To Net: NetName=NetF1_1 Pin=H16-2
Added Net: Name=NetF1_1
Added Pin To Net: NetName=NetF1_2 Pin=F1-2
Added Pin To Net: NetName=NetF1_2 Pin=T1-5
Added Net: Name=NetF1_2
Added Pin To Net: NetName=NetH1_1 Pin=H1-1
Added Pin To Net: NetName=NetH1_1 Pin=IC1-9
Added Net: Name=NetH1_1
Added Pin To Net: NetName=NetH2_1 Pin=H2-1
Added Pin To Net: NetName=NetH2_1 Pin=IC1-8
Added Net: Name=NetH2_1
Added Pin To Net: NetName=NetH3_1 Pin=H3-1
Added Pin To Net: NetName=NetH3_1 Pin=IC1-7
Added Net: Name=NetH3_1
Added Pin To Net: NetName=NetH4_1 Pin=H4-1
Added Pin To Net: NetName=NetH4_1 Pin=IC1-6
Added Net: Name=NetH4_1
Added Pin To Net: NetName=NetH5_2 Pin=H5-2
Added Pin To Net: NetName=NetH5_2 Pin=IC1-13
Added Net: Name=NetH5_2
Added Pin To Net: NetName=NetH6_2 Pin=H6-2
Added Pin To Net: NetName=NetH6_2 Pin=R4-2
Added Net: Name=NetH6_2
Added Pin To Net: NetName=NetH7_1 Pin=H7-1
Added Pin To Net: NetName=NetH7_1 Pin=R5-1
Added Net: Name=NetH7_1
Added Pin To Net: NetName=NetH8_1 Pin=H8-1
Added Pin To Net: NetName=NetH8_1 Pin=R6-1
Added Net: Name=NetH8_1
Added Pin To Net: NetName=NetH9_1 Pin=H9-1
Added Pin To Net: NetName=NetH9_1 Pin=IC2-3
Added Net: Name=NetH9_1
Added Pin To Net: NetName=NetH9_2 Pin=H9-2
Added Pin To Net: NetName=NetH9_2 Pin=IC1-2
Added Pin To Net: NetName=NetH9_2 Pin=IC1-3
Added Pin To Net: NetName=NetH9_2 Pin=R6-2
Added Net: Name=NetH9_2
Added Pin To Net: NetName=NetH10_2 Pin=H10-2
Added Pin To Net: NetName=NetH10_2 Pin=R11-2
Added Net: Name=NetH10_2
Added Pin To Net: NetName=NetH10_3 Pin=H10-3
Added Pin To Net: NetName=NetH10_3 Pin=IC1-18
Added Net: Name=NetH10_3
Added Pin To Net: NetName=NetH11_2 Pin=H11-2
Added Pin To Net: NetName=NetH11_2 Pin=IC1-1
Added Pin To Net: NetName=NetH11_2 Pin=R7-2
Added Net: Name=NetH11_2
Added Pin To Net: NetName=NetH12_1 Pin=H12-1
Added Pin To Net: NetName=NetH12_1 Pin=H12-2
Added Pin To Net: NetName=NetH12_1 Pin=R12-1
Added Net: Name=NetH12_1
Added Pin To Net: NetName=NetH13_1 Pin=H13-1
Added Pin To Net: NetName=NetH13_1 Pin=Q3-1
Added Net: Name=NetH13_1
Added Pin To Net: NetName=NetH14_1 Pin=H14-1
Added Pin To Net: NetName=NetH14_1 Pin=Q4-1
Added Net: Name=NetH14_1
Added Pin To Net: NetName=NetH15_1 Pin=H15-1
Added Pin To Net: NetName=NetH15_1 Pin=Q5-1
Added Net: Name=NetH15_1
Added Pin To Net: NetName=NetH16_1 Pin=H16-1
Added Pin To Net: NetName=NetH16_1 Pin=T1-1
Added Net: Name=NetH16_1
Added Pin To Net: NetName=NetIC1_4 Pin=IC1-4
Added Pin To Net: NetName=NetIC1_4 Pin=R5-2
Added Net: Name=NetIC1_4
Added Pin To Net: NetName=NetIC1_10 Pin=IC1-10
Added Pin To Net: NetName=NetIC1_10 Pin=R1-1
Added Net: Name=NetIC1_10
Added Pin To Net: NetName=NetIC1_11 Pin=IC1-11
Added Pin To Net: NetName=NetIC1_11 Pin=R2-1
Added Net: Name=NetIC1_11
Added Pin To Net: NetName=NetIC1_12 Pin=IC1-12
Added Pin To Net: NetName=NetIC1_12 Pin=R3-1
Added Net: Name=NetIC1_12
Added Pin To Net: NetName=NetIC1_17 Pin=IC1-17
Added Pin To Net: NetName=NetIC1_17 Pin=R4-1
Added Net: Name=NetIC1_17
Added Pin To Net: NetName=NetIC2_2 Pin=IC2-2
Added Pin To Net: NetName=NetIC2_2 Pin=Q2-3
Added Pin To Net: NetName=NetIC2_2 Pin=R10-1
Added Pin To Net: NetName=NetIC2_2 Pin=R13-2
Added Net: Name=NetIC2_2
Added Pin To Net: NetName=NetIC2_4 Pin=IC2-4
Added Pin To Net: NetName=NetIC2_4 Pin=R8-1
Added Net: Name=NetIC2_4
Added Pin To Net: NetName=NetQ1_2 Pin=Q1-2
Added Pin To Net: NetName=NetQ1_2 Pin=R11-1
Added Net: Name=NetQ1_2
Added Pin To Net: NetName=NetQ2_2 Pin=Q2-2
Added Pin To Net: NetName=NetQ2_2 Pin=R12-2
Added Net: Name=NetQ2_2
Added Pin To Net: NetName=NetQ3_2 Pin=Q3-2
Added Pin To Net: NetName=NetQ3_2 Pin=R14-2
Added Net: Name=NetQ3_2
Added Pin To Net: NetName=NetQ4_2 Pin=Q4-2
Added Pin To Net: NetName=NetQ4_2 Pin=R15-2
Added Net: Name=NetQ4_2
Added Pin To Net: NetName=NetQ5_2 Pin=Q5-2
Added Pin To Net: NetName=NetQ5_2 Pin=R16-2
Added Net: Name=NetQ5_2
Added Pin To Net: NetName=NetR1_2 Pin=R1-2
Added Pin To Net: NetName=NetR1_2 Pin=R16-1
Added Net: Name=NetR1_2
Added Pin To Net: NetName=NetR2_2 Pin=R2-2
Added Pin To Net: NetName=NetR2_2 Pin=R15-1
Added Net: Name=NetR2_2
Added Pin To Net: NetName=NetR3_2 Pin=R3-2
Added Pin To Net: NetName=NetR3_2 Pin=R14-1
Added Net: Name=NetR3_2
Added Class: Name=Schematic
Added Room: Name=Schematic
